INFO main com.tcl.wonder.adclient.service.AdWonderService - AdUploadService initialized...
INFO main com.tcl.wonder.adclient.config.ConfigManager - Configuration loaded: conf/config.properties
DEBUG main com.tcl.wonder.adclient.view.tabpanel.InsertAdPane - add completely
INFO main com.tcl.wonder.adclient.view.table.StatusCellRenderer - StatusCellRenderer initialized...
DEBUG main com.tcl.wonder.adclient.view.tabpanel.InsertAdPane - add completely
DEBUG SwingWorker-pool-1-thread-1 com.tcl.wonder.adclient.dao.impl.RedisAdDAOImpl - ad info size: 265
DEBUG AWT-EventQueue-0 com.tcl.wonder.adclient.view.tabpanel.ListAdPane - selectedRow = 3
DEBUG AWT-EventQueue-0 com.tcl.wonder.adclient.view.AdFrame - ---setSelectTab---
DEBUG AWT-EventQueue-0 com.tcl.wonder.adclient.view.tabpanel.InsertAdPane -  Updata Panel selected
INFO AWT-EventQueue-0 com.tcl.wonder.adclient.view.tabpanel.InsertAdPane - update ad id :haobaba_hntv
INFO AWT-EventQueue-0 com.tcl.wonder.adclient.view.tabpanel.InsertAdPane - update ad id :haobaba_hntv
INFO AWT-EventQueue-0 com.tcl.wonder.adclient.view.tabpanel.InsertAdPane - update ad id :liduyiliao_cctv1
WARN SwingWorker-pool-1-thread-7 com.tcl.wonder.adclient.view.component.ImageDialog - logo is not found : http://7u2kmu.com1.z0.glb.clouddn.com/ad_pic/liduyiliao.jpg 
INFO AWT-EventQueue-0 com.tcl.wonder.adclient.view.tabpanel.InsertAdPane - update ad id :liduyiliao_cctv1
INFO AWT-EventQueue-0 com.tcl.wonder.adclient.view.tabpanel.InsertAdPane - update ad id :hengshuilaobaigan1_cctv1
WARN SwingWorker-pool-1-thread-10 com.tcl.wonder.adclient.view.component.ImageDialog - logo is not found : http://7u2kmu.com1.z0.glb.clouddn.com/ad_pic/hengshuilaobaigan.jpg 
INFO AWT-EventQueue-0 com.tcl.wonder.adclient.view.tabpanel.InsertAdPane - update ad id :hengshuilaobaigan1_cctv1
INFO AWT-EventQueue-0 com.tcl.wonder.adclient.view.tabpanel.InsertAdPane - update ad id :shilijia_jstv
INFO AWT-EventQueue-0 com.tcl.wonder.adclient.view.tabpanel.InsertAdPane - update ad id :shilijia_jstv
INFO AWT-EventQueue-0 com.tcl.wonder.adclient.view.tabpanel.InsertAdPane - update ad id :fengefuputaojiu_cctv2
WARN SwingWorker-pool-1-thread-6 com.tcl.wonder.adclient.view.component.ImageDialog - logo is not found : http://7u2kmu.com1.z0.glb.clouddn.com/ad_pic/fengefuputaojiu.jpg 
INFO AWT-EventQueue-0 com.tcl.wonder.adclient.view.tabpanel.InsertAdPane - update ad id :fengefuputaojiu_cctv2
INFO AWT-EventQueue-0 com.tcl.wonder.adclient.view.tabpanel.InsertAdPane - update ad id :meibaolian_jstv
INFO AWT-EventQueue-0 com.tcl.wonder.adclient.view.tabpanel.InsertAdPane - update ad id :meibaolian_jstv
INFO AWT-EventQueue-0 com.tcl.wonder.adclient.view.tabpanel.InsertAdPane - update ad id :yanghejiu_cctv1
WARN SwingWorker-pool-1-thread-2 com.tcl.wonder.adclient.view.component.ImageDialog - logo is not found : http://7u2kmu.com1.z0.glb.clouddn.com/ad_pic/yanghejiu.jpg 
INFO AWT-EventQueue-0 com.tcl.wonder.adclient.view.tabpanel.InsertAdPane - update ad id :yanghejiu_cctv1
INFO AWT-EventQueue-0 com.tcl.wonder.adclient.view.tabpanel.InsertAdPane - update ad id :gantongpian_jstv
INFO AWT-EventQueue-0 com.tcl.wonder.adclient.view.tabpanel.InsertAdPane - update ad id :gantongpian_jstv
INFO AWT-EventQueue-0 com.tcl.wonder.adclient.view.tabpanel.InsertAdPane - update ad id :haoshi_jstv
INFO AWT-EventQueue-0 com.tcl.wonder.adclient.view.tabpanel.InsertAdPane - update ad id :haoshi_jstv
INFO AWT-EventQueue-0 com.tcl.wonder.adclient.view.tabpanel.InsertAdPane - update ad id :mengniuweilaixing_jstv
INFO AWT-EventQueue-0 com.tcl.wonder.adclient.view.tabpanel.InsertAdPane - update ad id :mengniuweilaixing_jstv
INFO AWT-EventQueue-0 com.tcl.wonder.adclient.view.tabpanel.InsertAdPane - update ad id :jiaomashi_hntv
INFO AWT-EventQueue-0 com.tcl.wonder.adclient.view.tabpanel.InsertAdPane - update ad id :jiaomashi_hntv
INFO AWT-EventQueue-0 com.tcl.wonder.adclient.view.tabpanel.InsertAdPane - update ad id :guizhou_xijiu_cctv1
WARN SwingWorker-pool-1-thread-6 com.tcl.wonder.adclient.view.component.ImageDialog - logo is not found : http://7u2kmu.com1.z0.glb.clouddn.com/ad_pic/guizhou_xijiu.jpg 
